Release 9.2.04i - xst J.40
Copyright (c) 1995-2007 Xilinx, Inc.  All rights reserved.
--> Parameter TMPDIR set to ./xst/projnav.tmp
CPU : 0.00 / 0.10 s | Elapsed : 0.00 / 0.00 s
 
--> Parameter xsthdpdir set to ./xst
CPU : 0.00 / 0.10 s | Elapsed : 0.00 / 0.00 s
 
--> Reading design: PIC24.prj

TABLE OF CONTENTS
  1) Synthesis Options Summary
  2) HDL Compilation
  3) Design Hierarchy Analysis
  4) HDL Analysis
  5) HDL Synthesis
     5.1) HDL Synthesis Report
  6) Advanced HDL Synthesis
     6.1) Advanced HDL Synthesis Report
  7) Low Level Synthesis
  8) Partition Report
  9) Final Report
     9.1) Device utilization summary
     9.2) Partition Resource Summary
     9.3) TIMING REPORT


=========================================================================
*                      Synthesis Options Summary                        *
=========================================================================
---- Source Parameters
Input File Name                    : "PIC24.prj"
Input Format                       : mixed
Ignore Synthesis Constraint File   : NO

---- Target Parameters
Output File Name                   : "PIC24"
Output Format                      : NGC
Target Device                      : xc3s400-4-ft256

---- Source Options
Top Module Name                    : PIC24
Automatic FSM Extraction           : YES
FSM Encoding Algorithm             : Auto
Safe Implementation                : No
FSM Style                          : lut
RAM Extraction                     : Yes
RAM Style                          : Auto
ROM Extraction                     : Yes
Mux Style                          : Auto
Decoder Extraction                 : YES
Priority Encoder Extraction        : YES
Shift Register Extraction          : YES
Logical Shifter Extraction         : YES
XOR Collapsing                     : YES
ROM Style                          : Auto
Mux Extraction                     : YES
Resource Sharing                   : YES
Asynchronous To Synchronous        : NO
Multiplier Style                   : auto
Automatic Register Balancing       : No

---- Target Options
Add IO Buffers                     : YES
Global Maximum Fanout              : 500
Add Generic Clock Buffer(BUFG)     : 8
Register Duplication               : YES
Slice Packing                      : YES
Optimize Instantiated Primitives   : NO
Use Clock Enable                   : Yes
Use Synchronous Set                : Yes
Use Synchronous Reset              : Yes
Pack IO Registers into IOBs        : auto
Equivalent register Removal        : YES

---- General Options
Optimization Goal                  : Speed
Optimization Effort                : 1
Library Search Order               : PIC24.lso
Keep Hierarchy                     : NO
RTL Output                         : Yes
Global Optimization                : AllClockNets
Read Cores                         : YES
Write Timing Constraints           : NO
Cross Clock Analysis               : NO
Hierarchy Separator                : /
Bus Delimiter                      : <>
Case Specifier                     : maintain
Slice Utilization Ratio            : 100
BRAM Utilization Ratio             : 100
Verilog 2001                       : YES
Auto BRAM Packing                  : NO
Slice Utilization Ratio Delta      : 5

=========================================================================


=========================================================================
*                          HDL Compilation                              *
=========================================================================
WARNING:HDLParsers:3607 - Unit work/ROM32x24 is now defined in a different file.  It was defined in "C:/Users/Alina/Desktop/PIC/ROM32x24_BraOV.vhd", and is now defined in "C:/Users/Alina/Desktop/PIC/ROM32x24_All.vhd".
WARNING:HDLParsers:3607 - Unit work/ROM32x24/Behavioral is now defined in a different file.  It was defined in "C:/Users/Alina/Desktop/PIC/ROM32x24_BraOV.vhd", and is now defined in "C:/Users/Alina/Desktop/PIC/ROM32x24_All.vhd".
Compiling vhdl file "C:/Users/Alina/Desktop/PIC/PIC24/MUXWb.vhd" in Library work.
Architecture behavioral of Entity muxwb is up to date.
Compiling vhdl file "C:/Users/Alina/Desktop/PIC/PIC24/MUX2V5.vhd" in Library work.
Architecture behavioral of Entity mux2v5 is up to date.
Compiling vhdl file "C:/Users/Alina/Desktop/PIC/PIC24/Mux2V24.vhd" in Library work.
Architecture behavioral of Entity mux2v24 is up to date.
Compiling vhdl file "C:/Users/Alina/Desktop/PIC/PIC24/ALU.vhd" in Library work.
Architecture behavioral of Entity alu is up to date.
Compiling vhdl file "C:/Users/Alina/Desktop/PIC/PIC24/ctrl.vhd" in Library work.
Architecture behavioral of Entity ctrl is up to date.
Compiling vhdl file "C:/Users/Alina/Desktop/PIC/PIC24/DataMem.vhd" in Library work.
Architecture behavioral of Entity datamem is up to date.
Compiling vhdl file "C:/Users/Alina/Desktop/PIC/PIC24/PC_Update.vhd" in Library work.
Architecture behavioral of Entity pc_update is up to date.
Compiling vhdl file "C:/Users/Alina/Desktop/PIC/PIC24/ProgCnt.vhd" in Library work.
Architecture behavioral of Entity progcnt is up to date.
Compiling vhdl file "C:/Users/Alina/Desktop/PIC/PIC24/File_Regs.vhd" in Library work.
Architecture behavioral of Entity file_regs is up to date.
Compiling vhdl file "C:/Users/Alina/Desktop/PIC/ROM32x24_All.vhd" in Library work.
Entity <rom32x24> compiled.
Entity <rom32x24> (Architecture <behavioral>) compiled.
Compiling vhdl file "C:/Users/Alina/Desktop/PIC/PIC24/PIC24.vhf" in Library work.
Architecture behavioral of Entity pic24 is up to date.

=========================================================================
*                     Design Hierarchy Analysis                         *
=========================================================================
Analyzing hierarchy for entity <PIC24> in library <work> (architecture <behavioral>).

Analyzing hierarchy for entity <MUXWb> in library <work> (architecture <behavioral>).

Analyzing hierarchy for entity <MUX2V5> in library <work> (architecture <behavioral>).

Analyzing hierarchy for entity <Mux2V24> in library <work> (architecture <behavioral>).

Analyzing hierarchy for entity <ALU> in library <work> (architecture <behavioral>).

Analyzing hierarchy for entity <ctrl> in library <work> (architecture <behavioral>).

Analyzing hierarchy for entity <DataMem> in library <work> (architecture <behavioral>).

Analyzing hierarchy for entity <PC_Update> in library <work> (architecture <behavioral>).

Analyzing hierarchy for entity <ProgCnt> in library <work> (architecture <behavioral>).

Analyzing hierarchy for entity <File_Regs> in library <work> (architecture <behavioral>).

Analyzing hierarchy for entity <ROM32x24> in library <work> (architecture <behavioral>).


=========================================================================
*                            HDL Analysis                               *
=========================================================================
Analyzing Entity <PIC24> in library <work> (Architecture <behavioral>).
Entity <PIC24> analyzed. Unit <PIC24> generated.

Analyzing Entity <MUXWb> in library <work> (Architecture <behavioral>).
Entity <MUXWb> analyzed. Unit <MUXWb> generated.

Analyzing Entity <MUX2V5> in library <work> (Architecture <behavioral>).
Entity <MUX2V5> analyzed. Unit <MUX2V5> generated.

Analyzing Entity <Mux2V24> in library <work> (Architecture <behavioral>).
Entity <Mux2V24> analyzed. Unit <Mux2V24> generated.

Analyzing Entity <ALU> in library <work> (Architecture <behavioral>).
Entity <ALU> analyzed. Unit <ALU> generated.

Analyzing Entity <ctrl> in library <work> (Architecture <behavioral>).
Entity <ctrl> analyzed. Unit <ctrl> generated.

Analyzing Entity <DataMem> in library <work> (Architecture <behavioral>).
Entity <DataMem> analyzed. Unit <DataMem> generated.

Analyzing Entity <PC_Update> in library <work> (Architecture <behavioral>).
Entity <PC_Update> analyzed. Unit <PC_Update> generated.

Analyzing Entity <ProgCnt> in library <work> (Architecture <behavioral>).
Entity <ProgCnt> analyzed. Unit <ProgCnt> generated.

Analyzing Entity <File_Regs> in library <work> (Architecture <behavioral>).
Entity <File_Regs> analyzed. Unit <File_Regs> generated.

Analyzing Entity <ROM32x24> in library <work> (Architecture <behavioral>).
Entity <ROM32x24> analyzed. Unit <ROM32x24> generated.


=========================================================================
*                           HDL Synthesis                               *
=========================================================================

Performing bidirectional port resolution...

Synthesizing Unit <MUXWb>.
    Related source file is "C:/Users/Alina/Desktop/PIC/PIC24/MUXWb.vhd".
Unit <MUXWb> synthesized.


Synthesizing Unit <MUX2V5>.
    Related source file is "C:/Users/Alina/Desktop/PIC/PIC24/MUX2V5.vhd".
Unit <MUX2V5> synthesized.


Synthesizing Unit <Mux2V24>.
    Related source file is "C:/Users/Alina/Desktop/PIC/PIC24/Mux2V24.vhd".
Unit <Mux2V24> synthesized.


Synthesizing Unit <ALU>.
    Related source file is "C:/Users/Alina/Desktop/PIC/PIC24/ALU.vhd".
WARNING:Xst:737 - Found 1-bit latch for signal <C>.
WARNING:Xst:2734 - Property "use_dsp48" is not applicable for this technology.
    Found 1-bit register for signal <NF>.
    Found 1-bit register for signal <ZF>.
    Found 1-bit register for signal <OVF>.
    Found 1-bit register for signal <CE>.
    Found 1-bit xor2 for signal <OV$xor0000> created at line 93.
    Found 1-bit xor2 for signal <OV$xor0001> created at line 93.
    Found 17-bit 8-to-1 multiplexer for signal <sY>.
    Found 17-bit addsub for signal <sY$addsub0000>.
    Found 17-bit addsub for signal <sY$addsub0001>.
    Summary:
	inferred   4 D-type flip-flop(s).
	inferred   2 Adder/Subtractor(s).
	inferred  17 Multiplexer(s).
Unit <ALU> synthesized.


Synthesizing Unit <ctrl>.
    Related source file is "C:/Users/Alina/Desktop/PIC/PIC24/ctrl.vhd".
    Found 1-bit xor2 for signal <CE_CF$xor0000> created at line 70.
    Found 1-bit xor3 for signal <CE_CF$xor0001> created at line 70.
    Found 1-bit xor3 for signal <CE_NF$xor0000> created at line 67.
    Found 1-bit xor3 for signal <RegDest$xor0000> created at line 54.
    Found 1-bit xor3 for signal <RegDest$xor0001> created at line 54.
    Found 1-bit xor2 for signal <RegWr$xor0000> created at line 52.
    Summary:
	inferred   4 Xor(s).
Unit <ctrl> synthesized.


Synthesizing Unit <DataMem>.
    Related source file is "C:/Users/Alina/Desktop/PIC/PIC24/DataMem.vhd".
    Found 16x16-bit single-port RAM <Mram_RAM> for signal <RAM>.
    Found 16-bit register for signal <OUTW0>.
    Summary:
	inferred   1 RAM(s).
	inferred  16 D-type flip-flop(s).
Unit <DataMem> synthesized.


Synthesizing Unit <PC_Update>.
    Related source file is "C:/Users/Alina/Desktop/PIC/PIC24/PC_Update.vhd".
WARNING:Xst:2734 - Property "use_dsp48" is not applicable for this technology.
WARNING:Xst:2734 - Property "use_dsp48" is not applicable for this technology.
    Found 24-bit adder for signal <New_PC$addsub0000> created at line 51.
    Found 24-bit adder for signal <PC_ant>.
    Summary:
	inferred   2 Adder/Subtractor(s).
Unit <PC_Update> synthesized.


Synthesizing Unit <ProgCnt>.
    Related source file is "C:/Users/Alina/Desktop/PIC/PIC24/ProgCnt.vhd".
    Found 24-bit register for signal <PC>.
    Summary:
	inferred  24 D-type flip-flop(s).
Unit <ProgCnt> synthesized.


Synthesizing Unit <File_Regs>.
    Related source file is "C:/Users/Alina/Desktop/PIC/PIC24/File_Regs.vhd".
    Found 16x16-bit dual-port RAM <Mram_s32Regs32> for signal <s32Regs32>.
    Found 16x16-bit dual-port RAM <Mram_s32Regs32_ren> for signal <s32Regs32>.
    Summary:
	inferred   2 RAM(s).
Unit <File_Regs> synthesized.


Synthesizing Unit <ROM32x24>.
    Related source file is "C:/Users/Alina/Desktop/PIC/ROM32x24_All.vhd".
    Found 32x24-bit ROM for signal <Data$rom0000> created at line 74.
    Summary:
	inferred   1 ROM(s).
Unit <ROM32x24> synthesized.


Synthesizing Unit <PIC24>.
    Related source file is "C:/Users/Alina/Desktop/PIC/PIC24/PIC24.vhf".
Unit <PIC24> synthesized.

INFO:Xst:1767 - HDL ADVISOR - Resource sharing has identified that some arithmetic operations in this design can share the same physical resources for reduced device utilization. For improved clock frequency you may try to disable resource sharing.

=========================================================================
HDL Synthesis Report

Macro Statistics
# RAMs                                                 : 3
 16x16-bit dual-port RAM                               : 2
 16x16-bit single-port RAM                             : 1
# ROMs                                                 : 1
 32x24-bit ROM                                         : 1
# Adders/Subtractors                                   : 4
 17-bit addsub                                         : 2
 24-bit adder                                          : 2
# Registers                                            : 6
 1-bit register                                        : 4
 16-bit register                                       : 1
 24-bit register                                       : 1
# Latches                                              : 1
 1-bit latch                                           : 1
# Multiplexers                                         : 1
 17-bit 8-to-1 multiplexer                             : 1
# Xors                                                 : 8
 1-bit xor2                                            : 4
 1-bit xor3                                            : 4

=========================================================================

=========================================================================
*                       Advanced HDL Synthesis                          *
=========================================================================

Loading device for application Rf_Device from file '3s400.nph' in environment C:\Xilinx92i.
INFO:Xst:2694 - Unit <PIC24> : The ROM <U_ROM/Mrom_Data_rom0000> will be implemented as a read-only BLOCK RAM, absorbing the register: <U_PC/PC>.
    -----------------------------------------------------------------------
    | ram_type           | Block                               |          |
    -----------------------------------------------------------------------
    | Port A                                                              |
    |     aspect ratio   | 32-word x 24-bit                    |          |
    |     mode           | write-first                         |          |
    |     clkA           | connected to signal <Clk>           | rise     |
    |     weA            | connected to internal node          | high     |
    |     addrA          | connected to signal <New_PC>        |          |
    |     diA            | connected to internal node          |          |
    |     doA            | connected to signal <Instr>         |          |
    -----------------------------------------------------------------------
    | optimisation       | speed                               |          |
    -----------------------------------------------------------------------
INFO:Xst:2664 - HDL ADVISOR - Unit <DataMem> : The RAM <Mram_RAM> will be implemented on LUTs either because you have described an asynchronous read or because of currently unsupported block RAM features. If you have described an asynchronous read, making it synchronous would allow you to take advantage of available block RAM resources, for optimized device usage and improved timings. Please refer to your documentation for coding guidelines.
    -----------------------------------------------------------------------
    | ram_type           | Distributed                         |          |
    -----------------------------------------------------------------------
    | Port A                                                              |
    |     aspect ratio   | 16-word x 16-bit                    |          |
    |     clkA           | connected to signal <Clk>           | rise     |
    |     weA            | connected to signal <Wr>            | high     |
    |     addrA          | connected to signal <Addr>          |          |
    |     diA            | connected to signal <DataIn>        |          |
    |     doA            | connected to signal <MemData>       |          |
    -----------------------------------------------------------------------
INFO:Xst:2664 - HDL ADVISOR - Unit <File_Regs> : The RAM <Mram_s32Regs32> will be implemented on LUTs either because you have described an asynchronous read or because of currently unsupported block RAM features. If you have described an asynchronous read, making it synchronous would allow you to take advantage of available block RAM resources, for optimized device usage and improved timings. Please refer to your documentation for coding guidelines.
    -----------------------------------------------------------------------
    | ram_type           | Distributed                         |          |
    -----------------------------------------------------------------------
    | Port A                                                              |
    |     aspect ratio   | 16-word x 16-bit                    |          |
    |     clkA           | connected to signal <Clk>           | rise     |
    |     weA            | connected to signal <WrEn>          | high     |
    |     addrA          | connected to signal <WrReg>         |          |
    |     diA            | connected to signal <WrData>        |          |
    -----------------------------------------------------------------------
    | Port B                                                              |
    |     aspect ratio   | 16-word x 16-bit                    |          |
    |     addrB          | connected to signal <RdReg1>        |          |
    |     doB            | connected to signal <RdData1>       |          |
    -----------------------------------------------------------------------
INFO:Xst:2664 - HDL ADVISOR - Unit <File_Regs> : The RAM <Mram_s32Regs32_ren> will be implemented on LUTs either because you have described an asynchronous read or because of currently unsupported block RAM features. If you have described an asynchronous read, making it synchronous would allow you to take advantage of available block RAM resources, for optimized device usage and improved timings. Please refer to your documentation for coding guidelines.
    -----------------------------------------------------------------------
    | ram_type           | Distributed                         |          |
    -----------------------------------------------------------------------
    | Port A                                                              |
    |     aspect ratio   | 16-word x 16-bit                    |          |
    |     clkA           | connected to signal <Clk>           | rise     |
    |     weA            | connected to signal <WrEn>          | high     |
    |     addrA          | connected to signal <WrReg>         |          |
    |     diA            | connected to signal <WrData>        |          |
    -----------------------------------------------------------------------
    | Port B                                                              |
    |     aspect ratio   | 16-word x 16-bit                    |          |
    |     addrB          | connected to signal <RdReg2>        |          |
    |     doB            | connected to signal <RdData2>       |          |
    -----------------------------------------------------------------------

=========================================================================
Advanced HDL Synthesis Report

Macro Statistics
# RAMs                                                 : 4
 16x16-bit dual-port distributed RAM                   : 2
 16x16-bit single-port distributed RAM                 : 1
 32x24-bit single-port block RAM                       : 1
# Adders/Subtractors                                   : 4
 17-bit addsub                                         : 2
 24-bit adder                                          : 2
# Registers                                            : 44
 Flip-Flops                                            : 44
# Latches                                              : 1
 1-bit latch                                           : 1
# Multiplexers                                         : 1
 17-bit 8-to-1 multiplexer                             : 1
# Xors                                                 : 8
 1-bit xor2                                            : 4
 1-bit xor3                                            : 4

=========================================================================

=========================================================================
*                         Low Level Synthesis                           *
=========================================================================

Optimizing unit <PIC24> ...

Optimizing unit <ALU> ...

Optimizing unit <ctrl> ...

Optimizing unit <DataMem> ...

Optimizing unit <PC_Update> ...
WARNING:Xst:1293 - FF/Latch  <U_PC/PC_0> has a constant value of 0 in block <PIC24>.
WARNING:Xst:2677 - Node <U_PC/PC_5> of sequential type is unconnected in block <PIC24>.
WARNING:Xst:2677 - Node <U_PC/PC_6> of sequential type is unconnected in block <PIC24>.
WARNING:Xst:2677 - Node <U_PC/PC_7> of sequential type is unconnected in block <PIC24>.
WARNING:Xst:2677 - Node <U_PC/PC_8> of sequential type is unconnected in block <PIC24>.
WARNING:Xst:2677 - Node <U_PC/PC_9> of sequential type is unconnected in block <PIC24>.
WARNING:Xst:2677 - Node <U_PC/PC_10> of sequential type is unconnected in block <PIC24>.
WARNING:Xst:2677 - Node <U_PC/PC_11> of sequential type is unconnected in block <PIC24>.
WARNING:Xst:2677 - Node <U_PC/PC_12> of sequential type is unconnected in block <PIC24>.
WARNING:Xst:2677 - Node <U_PC/PC_13> of sequential type is unconnected in block <PIC24>.
WARNING:Xst:2677 - Node <U_PC/PC_14> of sequential type is unconnected in block <PIC24>.
WARNING:Xst:2677 - Node <U_PC/PC_15> of sequential type is unconnected in block <PIC24>.
WARNING:Xst:2677 - Node <U_PC/PC_16> of sequential type is unconnected in block <PIC24>.
WARNING:Xst:2677 - Node <U_PC/PC_17> of sequential type is unconnected in block <PIC24>.
WARNING:Xst:2677 - Node <U_PC/PC_18> of sequential type is unconnected in block <PIC24>.
WARNING:Xst:2677 - Node <U_PC/PC_19> of sequential type is unconnected in block <PIC24>.
WARNING:Xst:2677 - Node <U_PC/PC_20> of sequential type is unconnected in block <PIC24>.
WARNING:Xst:2677 - Node <U_PC/PC_21> of sequential type is unconnected in block <PIC24>.
WARNING:Xst:2677 - Node <U_PC/PC_22> of sequential type is unconnected in block <PIC24>.
WARNING:Xst:2677 - Node <U_PC/PC_23> of sequential type is unconnected in block <PIC24>.

Mapping all equations...
Building and optimizing final netlist ...
Found area constraint ratio of 100 (+ 5) on block PIC24, actual ratio is 6.
FlipFlop U_ALU/CE has been replicated 1 time(s) to handle iob=true attribute.

Final Macro Processing ...

=========================================================================
Final Register Report

Macro Statistics
# Registers                                            : 25
 Flip-Flops                                            : 25

=========================================================================

=========================================================================
*                          Partition Report                             *
=========================================================================

Partition Implementation Status
-------------------------------

  No Partitions were found in this design.

-------------------------------

=========================================================================
*                            Final Report                               *
=========================================================================
Final Results
RTL Top Level Output File Name     : PIC24.ngr
Top Level Output File Name         : PIC24
Output Format                      : NGC
Optimization Goal                  : Speed
Keep Hierarchy                     : NO

Design Statistics
# IOs                              : 53

Cell Usage :
# BELS                             : 493
#      GND                         : 1
#      INV                         : 1
#      LUT1                        : 2
#      LUT2                        : 22
#      LUT2_L                      : 1
#      LUT3                        : 116
#      LUT3_D                      : 7
#      LUT4                        : 198
#      LUT4_D                      : 2
#      LUT4_L                      : 2
#      MUXCY                       : 38
#      MUXF5                       : 63
#      VCC                         : 1
#      XORCY                       : 39
# FlipFlops/Latches                : 26
#      FD                          : 6
#      FDE                         : 19
#      LDE                         : 1
# RAMS                             : 49
#      RAM16X1D                    : 32
#      RAM16X1S                    : 16
#      RAMB16_S36                  : 1
# Clock Buffers                    : 1
#      BUFGP                       : 1
# IO Buffers                       : 52
#      IBUF                        : 32
#      OBUF                        : 20
=========================================================================

Device utilization summary:
---------------------------

Selected Device : 3s400ft256-4 

 Number of Slices:                     228  out of   3584     6%  
 Number of Slice Flip Flops:            25  out of   7168     0%  
 Number of 4 input LUTs:               431  out of   7168     6%  
    Number used as logic:              351
    Number used as RAMs:                80
 Number of IOs:                         53
 Number of bonded IOBs:                 53  out of    173    30%  
    IOB Flip Flops:                      1
 Number of BRAMs:                        1  out of     16     6%  
 Number of GCLKs:                        1  out of      8    12%  

---------------------------
Partition Resource Summary:
---------------------------

  No Partitions were found in this design.

---------------------------


=========================================================================
TIMING REPORT

NOTE: THESE TIMING NUMBERS ARE ONLY A SYNTHESIS ESTIMATE.
      FOR ACCURATE TIMING INFORMATION PLEASE REFER TO THE TRACE REPORT
      GENERATED AFTER PLACE-and-ROUTE.

Clock Information:
------------------
-----------------------------------+------------------------+-------+
Clock Signal                       | Clock buffer(FF name)  | Load  |
-----------------------------------+------------------------+-------+
Clk                                | BUFGP                  | 73    |
CE_CF(U_CTRL/CE_OVF:O)             | NONE(*)(U_ALU/C)       | 1     |
-----------------------------------+------------------------+-------+
(*) This 1 clock signal(s) are generated by combinatorial logic,
and XST is not able to identify which are the primary clock signals.
Please use the CLOCK_SIGNAL constraint to specify the clock signal(s) generated by combinatorial logic.
INFO:Xst:2169 - HDL ADVISOR - Some clock signals were not automatically buffered by XST with BUFG/BUFR resources. Please use the buffer_type constraint in order to insert these buffers to the clock signals to help prevent skew problems.

Asynchronous Control Signals Information:
----------------------------------------
No asynchronous control signals found in this design

Timing Summary:
---------------
Speed Grade: -4

   Minimum period: 15.685ns (Maximum Frequency: 63.755MHz)
   Minimum input arrival time before clock: 4.813ns
   Maximum output required time after clock: 7.271ns
   Maximum combinational path delay: No path found

Timing Detail:
--------------
All values displayed in nanoseconds (ns)

=========================================================================
Timing constraint: Default period analysis for Clock 'Clk'
  Clock period: 15.685ns (frequency: 63.755MHz)
  Total number of paths / destination ports: 40918 / 71
-------------------------------------------------------------------------
Delay:               15.685ns (Levels of Logic = 23)
  Source:            inst_Mram_mem (RAM)
  Destination:       U_ALU/ZF (FF)
  Source Clock:      Clk rising
  Destination Clock: Clk rising

  Data Path: inst_Mram_mem to U_ALU/ZF
                                Gate     Net
    Cell:in->out      fanout   Delay   Delay  Logical Name (Net Name)
    ----------------------------------------  ------------
     RAM16X1D:WCLK->DPO    7   1.784   1.134  inst_Mram_mem (RdData1<0>)
     LUT3:I2->O            1   0.551   0.869  U_ALU/sY_mux0004<0>1 (U_ALU/sY_mux0004<0>)
     LUT4:I2->O            1   0.551   0.000  U_ALU/Maddsub_sY_addsub0001_lut<0> (U_ALU/N23)
     XORCY:LI->O           1   0.622   0.827  U_ALU/Maddsub_sY_addsub0001_xor<0> (U_ALU/sY_addsub0001<0>)
     LUT4:I3->O            1   0.551   0.869  U_ALU/sY_mux0001<0>1 (U_ALU/sY_mux0001<0>)
     LUT3:I2->O            1   0.551   0.000  U_ALU/Maddsub_sY_addsub0000_lut<0> (U_ALU/N5)
     MUXCY:S->O            1   0.500   0.000  U_ALU/Maddsub_sY_addsub0000_cy<0> (U_ALU/Maddsub_sY_addsub0000_cy<0>)
     MUXCY:CI->O           1   0.064   0.000  U_ALU/Maddsub_sY_addsub0000_cy<1> (U_ALU/Maddsub_sY_addsub0000_cy<1>)
     MUXCY:CI->O           1   0.064   0.000  U_ALU/Maddsub_sY_addsub0000_cy<2> (U_ALU/Maddsub_sY_addsub0000_cy<2>)
     MUXCY:CI->O           1   0.064   0.000  U_ALU/Maddsub_sY_addsub0000_cy<3> (U_ALU/Maddsub_sY_addsub0000_cy<3>)
     MUXCY:CI->O           1   0.064   0.000  U_ALU/Maddsub_sY_addsub0000_cy<4> (U_ALU/Maddsub_sY_addsub0000_cy<4>)
     MUXCY:CI->O           1   0.064   0.000  U_ALU/Maddsub_sY_addsub0000_cy<5> (U_ALU/Maddsub_sY_addsub0000_cy<5>)
     MUXCY:CI->O           1   0.064   0.000  U_ALU/Maddsub_sY_addsub0000_cy<6> (U_ALU/Maddsub_sY_addsub0000_cy<6>)
     MUXCY:CI->O           1   0.064   0.000  U_ALU/Maddsub_sY_addsub0000_cy<7> (U_ALU/Maddsub_sY_addsub0000_cy<7>)
     MUXCY:CI->O           1   0.064   0.000  U_ALU/Maddsub_sY_addsub0000_cy<8> (U_ALU/Maddsub_sY_addsub0000_cy<8>)
     MUXCY:CI->O           1   0.064   0.000  U_ALU/Maddsub_sY_addsub0000_cy<9> (U_ALU/Maddsub_sY_addsub0000_cy<9>)
     MUXCY:CI->O           1   0.064   0.000  U_ALU/Maddsub_sY_addsub0000_cy<10> (U_ALU/Maddsub_sY_addsub0000_cy<10>)
     MUXCY:CI->O           1   0.064   0.000  U_ALU/Maddsub_sY_addsub0000_cy<11> (U_ALU/Maddsub_sY_addsub0000_cy<11>)
     MUXCY:CI->O           1   0.064   0.000  U_ALU/Maddsub_sY_addsub0000_cy<12> (U_ALU/Maddsub_sY_addsub0000_cy<12>)
     XORCY:CI->O           2   0.904   0.903  U_ALU/Maddsub_sY_addsub0000_xor<13> (U_ALU/sY_addsub0000<13>)
     LUT4:I3->O            1   0.551   0.000  U_ALU/Mmux_sY_34 (U_ALU/N81)
     MUXF5:I1->O           2   0.360   0.945  U_ALU/Mmux_sY_2_f5_3 (ALUOut<13>)
     LUT3:I2->O            1   0.551   1.140  U_ALU/Z_cmp_eq000078 (U_ALU/Z_cmp_eq0000_map28)
     LUT4:I0->O            1   0.551   0.000  U_ALU/Z_cmp_eq000090 (U_ALU/Z)
     FDE:D                     0.203          U_ALU/ZF
    ----------------------------------------
    Total                     15.685ns (8.998ns logic, 6.687ns route)
                                       (57.4% logic, 42.6% route)

=========================================================================
Timing constraint: Default OFFSET IN BEFORE for Clock 'Clk'
  Total number of paths / destination ports: 94 / 32
-------------------------------------------------------------------------
Offset:              4.813ns (Levels of Logic = 4)
  Source:            INW0<1> (PAD)
  Destination:       inst_Mram_mem1 (RAM)
  Destination Clock: Clk rising

  Data Path: INW0<1> to inst_Mram_mem1
                                Gate     Net
    Cell:in->out      fanout   Delay   Delay  Logical Name (Net Name)
    ----------------------------------------  ------------
     IBUF:I->O             2   0.821   1.072  INW0_1_IBUF (INW0_1_IBUF)
     LUT4:I1->O            1   0.551   0.000  Mux_2V24/Y<1>182 (N1320)
     MUXF5:I0->O           1   0.360   0.996  Mux_2V24/Y<1>18_f5 (Mux_2V24/Y<1>_map7)
     LUT4:I1->O            2   0.551   0.000  Mux_2V24/Y<1>59 (WrData<1>)
     RAM16X1D:D                0.462          inst_Mram_mem1
    ----------------------------------------
    Total                      4.813ns (2.745ns logic, 2.068ns route)
                                       (57.0% logic, 43.0% route)

=========================================================================
Timing constraint: Default OFFSET OUT AFTER for Clock 'Clk'
  Total number of paths / destination ports: 20 / 20
-------------------------------------------------------------------------
Offset:              7.271ns (Levels of Logic = 1)
  Source:            U_ALU/OVF (FF)
  Destination:       OV (PAD)
  Source Clock:      Clk rising

  Data Path: U_ALU/OVF to OV
                                Gate     Net
    Cell:in->out      fanout   Delay   Delay  Logical Name (Net Name)
    ----------------------------------------  ------------
     FDE:C->Q              3   0.720   0.907  U_ALU/OVF (U_ALU/OVF)
     OBUF:I->O                 5.644          OV_OBUF (OV)
    ----------------------------------------
    Total                      7.271ns (6.364ns logic, 0.907ns route)
                                       (87.5% logic, 12.5% route)

=========================================================================
CPU : 5.08 / 5.20 s | Elapsed : 5.00 / 5.00 s
 
--> 

Total memory usage is 215196 kilobytes

Number of errors   :    0 (   0 filtered)
Number of warnings :   26 (   0 filtered)
Number of infos    :    6 (   0 filtered)

